2025-08-26 07:51:16,108 - __main__ - INFO - [main.py:25] - Starting Command Snippet Manager application
2025-08-26 07:51:16,371 - __main__ - DEBUG - [main.py:30] - Application name set to: Command Snippet Manager
2025-08-26 07:51:16,375 - __main__ - DEBUG - [main.py:34] - Application style set to Fusion
2025-08-26 07:51:16,375 - __main__ - INFO - [main.py:38] - Initializing database at: /Users/colin.moreno-burgess/github/Colin/CmdSnips/my_snippet_app/data/snippets.db
2025-08-26 07:51:16,375 - db.database - DEBUG - [database.py:37] - Attempting to connect to database at: /Users/colin.moreno-burgess/github/Colin/CmdSnips/my_snippet_app/data/snippets.db
2025-08-26 07:51:16,376 - db.database - INFO - [database.py:42] - Successfully connected to database
2025-08-26 07:51:16,376 - db.database - DEBUG - [database.py:56] - Initializing database schema
2025-08-26 07:51:16,376 - db.database - INFO - [database.py:71] - Creating snippets table if not exists
2025-08-26 07:51:16,377 - db.database - DEBUG - [database.py:110] - Executing query: CREATE TABLE IF NOT EXISTS snippets (
            id INTEGER PRIMARY KEY AUTOINCREMENT,
            name TEXT NOT NULL,
            description TEXT,
            command_text TEXT NOT NULL,
            tags TEXT,
            last_used DATETIME DEFAULT CURRENT_TIMESTAMP,
            created_at DATETIME DEFAULT CURRENT_TIMESTAMP
        )
2025-08-26 07:51:16,377 - db.database - DEBUG - [database.py:123] - Query affected row with ID: 0
2025-08-26 07:51:16,377 - db.database - INFO - [database.py:76] - Checking and applying any pending migrations
2025-08-26 07:51:16,377 - db.migrations - INFO - [migrations.py:128] - Current database version: 1
2025-08-26 07:51:16,377 - db.database - INFO - [database.py:80] - Database schema initialization completed successfully
2025-08-26 07:51:16,377 - __main__ - INFO - [main.py:43] - Database initialization completed
2025-08-26 07:51:16,378 - __main__ - DEBUG - [main.py:46] - Initializing snippet manager
2025-08-26 07:51:16,378 - __main__ - DEBUG - [main.py:50] - Creating main window
2025-08-26 07:51:16,526 - db.database - DEBUG - [database.py:177] - Retrieving all snippets from database at: /Users/colin.moreno-burgess/github/Colin/CmdSnips/my_snippet_app/data/snippets.db
2025-08-26 07:51:16,526 - db.database - DEBUG - [database.py:110] - Executing query: SELECT id, name, description, command_text, tags, last_used, created_at
        FROM snippets
        ORDER BY last_used DESC
2025-08-26 07:51:16,526 - db.database - DEBUG - [database.py:119] - Query returned 1 results
2025-08-26 07:51:16,526 - db.database - INFO - [database.py:203] - Retrieved 1 snippets from database
2025-08-26 07:51:16,526 - db.database - DEBUG - [database.py:205] - First snippet in list: {'id': 1, 'name': 'AWS ecr login', 'description': 'Como logar en ECR despues de haber cargado el perfil de aws vault', 'command_text': 'export AWS_REGION=eu-west-2\nexport ECR_URL="936987187948.dkr.ecr.$AWS_REGION.amazonaws.com"\naws ecr get-login-password | docker login --username AWS --password-stdin $ECR_URL', 'tags': 'ecr', 'last_used': '2025-08-14T17:06:54.109164', 'created_at': '2025-08-14T17:06:54.109169'}
2025-08-26 07:51:16,755 - __main__ - INFO - [main.py:53] - Application window displayed
2025-08-26 07:51:16,755 - __main__ - DEBUG - [main.py:56] - Starting Qt event loop
2025-08-26 08:09:00,174 - db.database - DEBUG - [database.py:107] - Executing query: SELECT id, name, description, command_text, tags, last_used, created_at
        FROM snippets
        WHERE id = ? with params: (1,)
2025-08-26 08:09:00,176 - db.database - DEBUG - [database.py:115] - Query returned single result: True
2025-08-27 14:37:07,838 - db.database - INFO - [database.py:144] - Inserting new snippet: aws eks kubeconfig
2025-08-27 14:37:07,840 - db.database - DEBUG - [database.py:145] - Snippet details: {'id': None, 'name': 'aws eks kubeconfig', 'description': '', 'command_text': 'aws eks update-kubeconfig --name nxeks-eu-west-2-main --region eu-west-2', 'tags': 'eks aws', 'last_used': '2025-08-27T14:37:07.836819', 'created_at': '2025-08-27T14:37:07.836827'}
2025-08-27 14:37:07,840 - db.database - DEBUG - [database.py:107] - Executing query: INSERT INTO snippets (name, description, command_text, tags, last_used, created_at)
        VALUES (?, ?, ?, ?, ?, ?) with params: ('aws eks kubeconfig', '', 'aws eks update-kubeconfig --name nxeks-eu-west-2-main --region eu-west-2', 'eks aws', '2025-08-27T14:37:07.836819', '2025-08-27T14:37:07.836827')
2025-08-27 14:37:07,846 - db.database - DEBUG - [database.py:123] - Query affected row with ID: 2
2025-08-27 14:37:07,846 - db.database - INFO - [database.py:163] - Successfully inserted snippet with ID: 2
2025-08-27 14:37:07,847 - db.database - DEBUG - [database.py:177] - Retrieving all snippets from database at: /Users/colin.moreno-burgess/github/Colin/CmdSnips/my_snippet_app/data/snippets.db
2025-08-27 14:37:07,847 - db.database - DEBUG - [database.py:110] - Executing query: SELECT id, name, description, command_text, tags, last_used, created_at
        FROM snippets
        ORDER BY last_used DESC
2025-08-27 14:37:07,847 - db.database - DEBUG - [database.py:119] - Query returned 2 results
2025-08-27 14:37:07,847 - db.database - INFO - [database.py:203] - Retrieved 2 snippets from database
2025-08-27 14:37:07,847 - db.database - DEBUG - [database.py:205] - First snippet in list: {'id': 2, 'name': 'aws eks kubeconfig', 'description': '', 'command_text': 'aws eks update-kubeconfig --name nxeks-eu-west-2-main --region eu-west-2', 'tags': 'eks aws', 'last_used': '2025-08-27T14:37:07.836819', 'created_at': '2025-08-27T14:37:07.836827'}
2025-08-27 14:37:12,151 - db.database - DEBUG - [database.py:107] - Executing query: SELECT id, name, description, command_text, tags, last_used, created_at
        FROM snippets
        WHERE 1=1
        
            AND (
                name LIKE ? OR
                description LIKE ? OR
                command_text LIKE ? OR
                tags LIKE ?
            )
             ORDER BY last_used DESC with params: ('%a%', '%a%', '%a%', '%a%')
2025-08-27 14:37:12,153 - db.database - DEBUG - [database.py:119] - Query returned 2 results
2025-08-27 14:37:12,238 - db.database - DEBUG - [database.py:107] - Executing query: SELECT id, name, description, command_text, tags, last_used, created_at
        FROM snippets
        WHERE 1=1
        
            AND (
                name LIKE ? OR
                description LIKE ? OR
                command_text LIKE ? OR
                tags LIKE ?
            )
             ORDER BY last_used DESC with params: ('%aw%', '%aw%', '%aw%', '%aw%')
2025-08-27 14:37:12,238 - db.database - DEBUG - [database.py:119] - Query returned 2 results
2025-08-27 14:37:12,662 - db.database - DEBUG - [database.py:107] - Executing query: SELECT id, name, description, command_text, tags, last_used, created_at
        FROM snippets
        WHERE 1=1
        
            AND (
                name LIKE ? OR
                description LIKE ? OR
                command_text LIKE ? OR
                tags LIKE ?
            )
             ORDER BY last_used DESC with params: ('%aws%', '%aws%', '%aws%', '%aws%')
2025-08-27 14:37:12,663 - db.database - DEBUG - [database.py:119] - Query returned 2 results
2025-08-27 14:37:19,034 - db.database - DEBUG - [database.py:107] - Executing query: SELECT id, name, description, command_text, tags, last_used, created_at
        FROM snippets
        WHERE 1=1
        
            AND (
                name LIKE ? OR
                description LIKE ? OR
                command_text LIKE ? OR
                tags LIKE ?
            )
             ORDER BY last_used DESC with params: ('%aw%', '%aw%', '%aw%', '%aw%')
2025-08-27 14:37:19,035 - db.database - DEBUG - [database.py:119] - Query returned 2 results
2025-08-27 14:37:19,216 - db.database - DEBUG - [database.py:107] - Executing query: SELECT id, name, description, command_text, tags, last_used, created_at
        FROM snippets
        WHERE 1=1
        
            AND (
                name LIKE ? OR
                description LIKE ? OR
                command_text LIKE ? OR
                tags LIKE ?
            )
             ORDER BY last_used DESC with params: ('%a%', '%a%', '%a%', '%a%')
2025-08-27 14:37:19,217 - db.database - DEBUG - [database.py:119] - Query returned 2 results
2025-08-27 14:37:19,379 - db.database - DEBUG - [database.py:177] - Retrieving all snippets from database at: /Users/colin.moreno-burgess/github/Colin/CmdSnips/my_snippet_app/data/snippets.db
2025-08-27 14:37:19,380 - db.database - DEBUG - [database.py:110] - Executing query: SELECT id, name, description, command_text, tags, last_used, created_at
        FROM snippets
        ORDER BY last_used DESC
2025-08-27 14:37:19,380 - db.database - DEBUG - [database.py:119] - Query returned 2 results
2025-08-27 14:37:19,381 - db.database - INFO - [database.py:203] - Retrieved 2 snippets from database
2025-08-27 14:37:19,381 - db.database - DEBUG - [database.py:205] - First snippet in list: {'id': 2, 'name': 'aws eks kubeconfig', 'description': '', 'command_text': 'aws eks update-kubeconfig --name nxeks-eu-west-2-main --region eu-west-2', 'tags': 'eks aws', 'last_used': '2025-08-27T14:37:07.836819', 'created_at': '2025-08-27T14:37:07.836827'}
2025-08-27 14:37:22,680 - db.database - DEBUG - [database.py:107] - Executing query: SELECT id, name, description, command_text, tags, last_used, created_at
        FROM snippets
        WHERE 1=1
        
            AND (
                name LIKE ? OR
                description LIKE ? OR
                command_text LIKE ? OR
                tags LIKE ?
            )
             ORDER BY last_used DESC with params: ('%e%', '%e%', '%e%', '%e%')
2025-08-27 14:37:22,680 - db.database - DEBUG - [database.py:119] - Query returned 2 results
2025-08-27 14:37:23,250 - db.database - DEBUG - [database.py:107] - Executing query: SELECT id, name, description, command_text, tags, last_used, created_at
        FROM snippets
        WHERE 1=1
        
            AND (
                name LIKE ? OR
                description LIKE ? OR
                command_text LIKE ? OR
                tags LIKE ?
            )
             ORDER BY last_used DESC with params: ('%ec%', '%ec%', '%ec%', '%ec%')
2025-08-27 14:37:23,250 - db.database - DEBUG - [database.py:119] - Query returned 2 results
2025-08-27 14:37:23,684 - db.database - DEBUG - [database.py:107] - Executing query: SELECT id, name, description, command_text, tags, last_used, created_at
        FROM snippets
        WHERE 1=1
        
            AND (
                name LIKE ? OR
                description LIKE ? OR
                command_text LIKE ? OR
                tags LIKE ?
            )
             ORDER BY last_used DESC with params: ('%ecr%', '%ecr%', '%ecr%', '%ecr%')
2025-08-27 14:37:23,684 - db.database - DEBUG - [database.py:119] - Query returned 1 results
2025-08-27 14:37:24,779 - db.database - DEBUG - [database.py:107] - Executing query: SELECT id, name, description, command_text, tags, last_used, created_at
        FROM snippets
        WHERE 1=1
        
            AND (
                name LIKE ? OR
                description LIKE ? OR
                command_text LIKE ? OR
                tags LIKE ?
            )
             ORDER BY last_used DESC with params: ('%ec%', '%ec%', '%ec%', '%ec%')
2025-08-27 14:37:24,780 - db.database - DEBUG - [database.py:119] - Query returned 2 results
2025-08-27 14:37:24,960 - db.database - DEBUG - [database.py:107] - Executing query: SELECT id, name, description, command_text, tags, last_used, created_at
        FROM snippets
        WHERE 1=1
        
            AND (
                name LIKE ? OR
                description LIKE ? OR
                command_text LIKE ? OR
                tags LIKE ?
            )
             ORDER BY last_used DESC with params: ('%e%', '%e%', '%e%', '%e%')
2025-08-27 14:37:24,960 - db.database - DEBUG - [database.py:119] - Query returned 2 results
2025-08-27 14:37:25,124 - db.database - DEBUG - [database.py:177] - Retrieving all snippets from database at: /Users/colin.moreno-burgess/github/Colin/CmdSnips/my_snippet_app/data/snippets.db
2025-08-27 14:37:25,124 - db.database - DEBUG - [database.py:110] - Executing query: SELECT id, name, description, command_text, tags, last_used, created_at
        FROM snippets
        ORDER BY last_used DESC
2025-08-27 14:37:25,124 - db.database - DEBUG - [database.py:119] - Query returned 2 results
2025-08-27 14:37:25,125 - db.database - INFO - [database.py:203] - Retrieved 2 snippets from database
2025-08-27 14:37:25,125 - db.database - DEBUG - [database.py:205] - First snippet in list: {'id': 2, 'name': 'aws eks kubeconfig', 'description': '', 'command_text': 'aws eks update-kubeconfig --name nxeks-eu-west-2-main --region eu-west-2', 'tags': 'eks aws', 'last_used': '2025-08-27T14:37:07.836819', 'created_at': '2025-08-27T14:37:07.836827'}
2025-08-27 14:37:26,099 - db.database - DEBUG - [database.py:107] - Executing query: SELECT id, name, description, command_text, tags, last_used, created_at
        FROM snippets
        WHERE 1=1
        
            AND (
                name LIKE ? OR
                description LIKE ? OR
                command_text LIKE ? OR
                tags LIKE ?
            )
             ORDER BY last_used DESC with params: ('%e%', '%e%', '%e%', '%e%')
2025-08-27 14:37:26,099 - db.database - DEBUG - [database.py:119] - Query returned 2 results
2025-08-27 14:37:26,189 - db.database - DEBUG - [database.py:107] - Executing query: SELECT id, name, description, command_text, tags, last_used, created_at
        FROM snippets
        WHERE 1=1
        
            AND (
                name LIKE ? OR
                description LIKE ? OR
                command_text LIKE ? OR
                tags LIKE ?
            )
             ORDER BY last_used DESC with params: ('%ek%', '%ek%', '%ek%', '%ek%')
2025-08-27 14:37:26,190 - db.database - DEBUG - [database.py:119] - Query returned 1 results
2025-08-27 14:37:26,308 - db.database - DEBUG - [database.py:107] - Executing query: SELECT id, name, description, command_text, tags, last_used, created_at
        FROM snippets
        WHERE 1=1
        
            AND (
                name LIKE ? OR
                description LIKE ? OR
                command_text LIKE ? OR
                tags LIKE ?
            )
             ORDER BY last_used DESC with params: ('%eks%', '%eks%', '%eks%', '%eks%')
2025-08-27 14:37:26,309 - db.database - DEBUG - [database.py:119] - Query returned 1 results
2025-08-27 14:37:27,239 - db.database - DEBUG - [database.py:107] - Executing query: SELECT id, name, description, command_text, tags, last_used, created_at
        FROM snippets
        WHERE 1=1
        
            AND (
                name LIKE ? OR
                description LIKE ? OR
                command_text LIKE ? OR
                tags LIKE ?
            )
             ORDER BY last_used DESC with params: ('%ek%', '%ek%', '%ek%', '%ek%')
2025-08-27 14:37:27,239 - db.database - DEBUG - [database.py:119] - Query returned 1 results
2025-08-27 14:37:27,374 - db.database - DEBUG - [database.py:107] - Executing query: SELECT id, name, description, command_text, tags, last_used, created_at
        FROM snippets
        WHERE 1=1
        
            AND (
                name LIKE ? OR
                description LIKE ? OR
                command_text LIKE ? OR
                tags LIKE ?
            )
             ORDER BY last_used DESC with params: ('%e%', '%e%', '%e%', '%e%')
2025-08-27 14:37:27,375 - db.database - DEBUG - [database.py:119] - Query returned 2 results
2025-08-27 14:37:27,510 - db.database - DEBUG - [database.py:177] - Retrieving all snippets from database at: /Users/colin.moreno-burgess/github/Colin/CmdSnips/my_snippet_app/data/snippets.db
2025-08-27 14:37:27,511 - db.database - DEBUG - [database.py:110] - Executing query: SELECT id, name, description, command_text, tags, last_used, created_at
        FROM snippets
        ORDER BY last_used DESC
2025-08-27 14:37:27,511 - db.database - DEBUG - [database.py:119] - Query returned 2 results
2025-08-27 14:37:27,511 - db.database - INFO - [database.py:203] - Retrieved 2 snippets from database
2025-08-27 14:37:27,512 - db.database - DEBUG - [database.py:205] - First snippet in list: {'id': 2, 'name': 'aws eks kubeconfig', 'description': '', 'command_text': 'aws eks update-kubeconfig --name nxeks-eu-west-2-main --region eu-west-2', 'tags': 'eks aws', 'last_used': '2025-08-27T14:37:07.836819', 'created_at': '2025-08-27T14:37:07.836827'}
2025-08-27 14:37:29,198 - db.database - DEBUG - [database.py:107] - Executing query: SELECT id, name, description, command_text, tags, last_used, created_at
        FROM snippets
        WHERE id = ? with params: (1,)
2025-08-27 14:37:29,199 - db.database - DEBUG - [database.py:115] - Query returned single result: True
2025-08-27 14:37:33,986 - db.database - DEBUG - [database.py:107] - Executing query: SELECT id, name, description, command_text, tags, last_used, created_at
        FROM snippets
        WHERE id = ? with params: (2,)
2025-08-27 14:37:33,987 - db.database - DEBUG - [database.py:115] - Query returned single result: True
2025-08-27 14:37:34,956 - db.database - DEBUG - [database.py:107] - Executing query: SELECT id, name, description, command_text, tags, last_used, created_at
        FROM snippets
        WHERE id = ? with params: (1,)
2025-08-27 14:37:34,956 - db.database - DEBUG - [database.py:115] - Query returned single result: True
2025-08-27 14:37:35,622 - db.database - DEBUG - [database.py:107] - Executing query: SELECT id, name, description, command_text, tags, last_used, created_at
        FROM snippets
        WHERE id = ? with params: (2,)
2025-08-27 14:37:35,623 - db.database - DEBUG - [database.py:115] - Query returned single result: True
2025-08-27 14:37:36,259 - db.database - DEBUG - [database.py:107] - Executing query: SELECT id, name, description, command_text, tags, last_used, created_at
        FROM snippets
        WHERE id = ? with params: (1,)
2025-08-27 14:37:36,260 - db.database - DEBUG - [database.py:115] - Query returned single result: True
2025-08-29 09:46:50,597 - db.database - INFO - [database.py:144] - Inserting new snippet: Fistro Delete dev
2025-08-29 09:46:50,599 - db.database - DEBUG - [database.py:145] - Snippet details: {'id': None, 'name': 'Fistro Delete dev', 'description': '', 'command_text': 'curl -X DELETE -H "Accept: application/json" -H "Content-Type: application/json" -H "Authorization: Bearer $FSTRTKN_DEV" https://api.dev.nexthink.cloud/api/v1/customers/$CUSTOMER', 'tags': 'Fistro', 'last_used': '2025-08-29T09:46:50.596713', 'created_at': '2025-08-29T09:46:50.596722'}
2025-08-29 09:46:50,600 - db.database - DEBUG - [database.py:107] - Executing query: INSERT INTO snippets (name, description, command_text, tags, last_used, created_at)
        VALUES (?, ?, ?, ?, ?, ?) with params: ('Fistro Delete dev', '', 'curl -X DELETE -H "Accept: application/json" -H "Content-Type: application/json" -H "Authorization: Bearer $FSTRTKN_DEV" https://api.dev.nexthink.cloud/api/v1/customers/$CUSTOMER', 'Fistro', '2025-08-29T09:46:50.596713', '2025-08-29T09:46:50.596722')
2025-08-29 09:46:50,603 - db.database - DEBUG - [database.py:123] - Query affected row with ID: 3
2025-08-29 09:46:50,604 - db.database - INFO - [database.py:163] - Successfully inserted snippet with ID: 3
2025-08-29 09:46:50,604 - db.database - DEBUG - [database.py:177] - Retrieving all snippets from database at: /Users/colin.moreno-burgess/github/Colin/CmdSnips/my_snippet_app/data/snippets.db
2025-08-29 09:46:50,604 - db.database - DEBUG - [database.py:110] - Executing query: SELECT id, name, description, command_text, tags, last_used, created_at
        FROM snippets
        ORDER BY last_used DESC
2025-08-29 09:46:50,604 - db.database - DEBUG - [database.py:119] - Query returned 3 results
2025-08-29 09:46:50,604 - db.database - INFO - [database.py:203] - Retrieved 3 snippets from database
2025-08-29 09:46:50,604 - db.database - DEBUG - [database.py:205] - First snippet in list: {'id': 3, 'name': 'Fistro Delete dev', 'description': '', 'command_text': 'curl -X DELETE -H "Accept: application/json" -H "Content-Type: application/json" -H "Authorization: Bearer $FSTRTKN_DEV" https://api.dev.nexthink.cloud/api/v1/customers/$CUSTOMER', 'tags': 'Fistro', 'last_used': '2025-08-29T09:46:50.596713', 'created_at': '2025-08-29T09:46:50.596722'}
2025-08-29 09:46:52,393 - db.database - DEBUG - [database.py:107] - Executing query: SELECT id, name, description, command_text, tags, last_used, created_at
        FROM snippets
        WHERE id = ? with params: (3,)
2025-08-29 09:46:52,393 - db.database - DEBUG - [database.py:115] - Query returned single result: True
2025-08-29 09:46:53,952 - db.database - DEBUG - [database.py:107] - Executing query: SELECT id, name, description, command_text, tags, last_used, created_at
        FROM snippets
        WHERE id = ? with params: (2,)
2025-08-29 09:46:53,952 - db.database - DEBUG - [database.py:115] - Query returned single result: True
2025-08-29 09:46:54,709 - db.database - DEBUG - [database.py:107] - Executing query: SELECT id, name, description, command_text, tags, last_used, created_at
        FROM snippets
        WHERE id = ? with params: (3,)
2025-08-29 09:46:54,710 - db.database - DEBUG - [database.py:115] - Query returned single result: True
2025-08-29 09:50:22,541 - db.database - DEBUG - [database.py:107] - Executing query: SELECT id, name, description, command_text, tags, last_used, created_at
        FROM snippets
        WHERE id = ? with params: (3,)
2025-08-29 09:50:22,542 - db.database - DEBUG - [database.py:115] - Query returned single result: True
2025-08-29 09:52:15,111 - db.database - DEBUG - [database.py:107] - Executing query: SELECT id, name, description, command_text, tags, last_used, created_at
        FROM snippets
        WHERE id = ? with params: (3,)
2025-08-29 09:52:15,112 - db.database - DEBUG - [database.py:115] - Query returned single result: True
2025-08-29 09:52:15,112 - db.database - DEBUG - [database.py:107] - Executing query: UPDATE snippets
        SET name = ?, description = ?, command_text = ?, tags = ?
        WHERE id = ? with params: ('Fistro Delete dev', 'Delete a customer from Fistro', 'curl -X DELETE -H "Accept: application/json" -H "Content-Type: application/json" -H "Authorization: Bearer $FSTRTKN_DEV" https://api.dev.nexthink.cloud/api/v1/customers/$CUSTOMER', 'Fistro', 3)
2025-08-29 09:52:15,114 - db.database - DEBUG - [database.py:123] - Query affected row with ID: 3
2025-08-29 09:52:15,114 - db.database - DEBUG - [database.py:177] - Retrieving all snippets from database at: /Users/colin.moreno-burgess/github/Colin/CmdSnips/my_snippet_app/data/snippets.db
2025-08-29 09:52:15,114 - db.database - DEBUG - [database.py:110] - Executing query: SELECT id, name, description, command_text, tags, last_used, created_at
        FROM snippets
        ORDER BY last_used DESC
2025-08-29 09:52:15,115 - db.database - DEBUG - [database.py:119] - Query returned 3 results
2025-08-29 09:52:15,115 - db.database - INFO - [database.py:203] - Retrieved 3 snippets from database
2025-08-29 09:52:15,115 - db.database - DEBUG - [database.py:205] - First snippet in list: {'id': 3, 'name': 'Fistro Delete dev', 'description': 'Delete a customer from Fistro', 'command_text': 'curl -X DELETE -H "Accept: application/json" -H "Content-Type: application/json" -H "Authorization: Bearer $FSTRTKN_DEV" https://api.dev.nexthink.cloud/api/v1/customers/$CUSTOMER', 'tags': 'Fistro', 'last_used': '2025-08-29T09:46:50.596713', 'created_at': '2025-08-29T09:46:50.596722'}
2025-08-29 14:32:08,339 - db.database - DEBUG - [database.py:107] - Executing query: SELECT id, name, description, command_text, tags, last_used, created_at
        FROM snippets
        WHERE id = ? with params: (2,)
2025-08-29 14:32:08,343 - db.database - DEBUG - [database.py:115] - Query returned single result: True
2025-08-29 18:58:58,132 - __main__ - INFO - [main.py:58] - Application event loop ended with code: 0
2025-08-29 18:58:58,133 - __main__ - DEBUG - [main.py:61] - Cleaning up resources
2025-08-29 18:58:58,136 - __main__ - INFO - [main.py:63] - Application shutdown complete
