2025-09-10 14:55:15,505 - __main__ - INFO - [main.py:25] - Starting Command Snippet Manager application
2025-09-10 14:55:15,715 - __main__ - DEBUG - [main.py:30] - Application name set to: Command Snippet Manager
2025-09-10 14:55:15,719 - __main__ - DEBUG - [main.py:34] - Application style set to Fusion
2025-09-10 14:55:15,719 - __main__ - INFO - [main.py:38] - Initializing database at: /Users/colin.moreno-burgess/github/Colin/CmdSnips/my_snippet_app/data/snippets.db
2025-09-10 14:55:15,719 - db.database - DEBUG - [database.py:37] - Attempting to connect to database at: /Users/colin.moreno-burgess/github/Colin/CmdSnips/my_snippet_app/data/snippets.db
2025-09-10 14:55:15,720 - db.database - INFO - [database.py:42] - Successfully connected to database
2025-09-10 14:55:15,720 - db.database - DEBUG - [database.py:56] - Initializing database schema
2025-09-10 14:55:15,720 - db.database - INFO - [database.py:71] - Creating snippets table if not exists
2025-09-10 14:55:15,720 - db.database - DEBUG - [database.py:110] - Executing query: CREATE TABLE IF NOT EXISTS snippets (
            id INTEGER PRIMARY KEY AUTOINCREMENT,
            name TEXT NOT NULL,
            description TEXT,
            command_text TEXT NOT NULL,
            tags TEXT,
            last_used DATETIME DEFAULT CURRENT_TIMESTAMP,
            created_at DATETIME DEFAULT CURRENT_TIMESTAMP
        )
2025-09-10 14:55:15,720 - db.database - DEBUG - [database.py:123] - Query affected row with ID: 0
2025-09-10 14:55:15,720 - db.database - INFO - [database.py:76] - Checking and applying any pending migrations
2025-09-10 14:55:15,720 - db.migrations - INFO - [migrations.py:128] - Current database version: 1
2025-09-10 14:55:15,720 - db.database - INFO - [database.py:80] - Database schema initialization completed successfully
2025-09-10 14:55:15,721 - __main__ - INFO - [main.py:43] - Database initialization completed
2025-09-10 14:55:15,721 - __main__ - DEBUG - [main.py:46] - Initializing snippet manager
2025-09-10 14:55:15,721 - __main__ - DEBUG - [main.py:50] - Creating main window
2025-09-10 14:55:15,859 - db.database - DEBUG - [database.py:177] - Retrieving all snippets from database at: /Users/colin.moreno-burgess/github/Colin/CmdSnips/my_snippet_app/data/snippets.db
2025-09-10 14:55:15,859 - db.database - DEBUG - [database.py:110] - Executing query: SELECT id, name, description, command_text, tags, last_used, created_at
        FROM snippets
        ORDER BY last_used DESC
2025-09-10 14:55:15,859 - db.database - DEBUG - [database.py:119] - Query returned 3 results
2025-09-10 14:55:15,859 - db.database - INFO - [database.py:203] - Retrieved 3 snippets from database
2025-09-10 14:55:15,859 - db.database - DEBUG - [database.py:205] - First snippet in list: {'id': 3, 'name': 'Fistro Delete dev', 'description': 'Delete a customer from Fistro', 'command_text': 'curl -X DELETE -H "Accept: application/json" -H "Content-Type: application/json" -H "Authorization: Bearer $FSTRTKN_DEV" https://api.dev.nexthink.cloud/api/v1/customers/$CUSTOMER', 'tags': 'Fistro', 'last_used': '2025-08-29T09:46:50.596713', 'created_at': '2025-08-29T09:46:50.596722'}
2025-09-10 14:55:16,075 - __main__ - INFO - [main.py:53] - Application window displayed
2025-09-10 14:55:16,075 - __main__ - DEBUG - [main.py:56] - Starting Qt event loop
2025-09-10 14:56:09,350 - db.database - INFO - [database.py:144] - Inserting new snippet: Vault
2025-09-10 14:56:09,351 - db.database - DEBUG - [database.py:145] - Snippet details: {'id': None, 'name': 'Vault', 'description': 'El perfil para vault que hay que usar al logarse', 'command_text': 'sre-operator', 'tags': 'vault', 'last_used': '2025-09-10T14:56:09.350758', 'created_at': '2025-09-10T14:56:09.350763'}
2025-09-10 14:56:09,351 - db.database - DEBUG - [database.py:107] - Executing query: INSERT INTO snippets (name, description, command_text, tags, last_used, created_at)
        VALUES (?, ?, ?, ?, ?, ?) with params: ('Vault', 'El perfil para vault que hay que usar al logarse', 'sre-operator', 'vault', '2025-09-10T14:56:09.350758', '2025-09-10T14:56:09.350763')
2025-09-10 14:56:09,351 - db.database - DEBUG - [database.py:123] - Query affected row with ID: 4
2025-09-10 14:56:09,352 - db.database - INFO - [database.py:163] - Successfully inserted snippet with ID: 4
2025-09-10 14:56:09,352 - db.database - DEBUG - [database.py:177] - Retrieving all snippets from database at: /Users/colin.moreno-burgess/github/Colin/CmdSnips/my_snippet_app/data/snippets.db
2025-09-10 14:56:09,352 - db.database - DEBUG - [database.py:110] - Executing query: SELECT id, name, description, command_text, tags, last_used, created_at
        FROM snippets
        ORDER BY last_used DESC
2025-09-10 14:56:09,352 - db.database - DEBUG - [database.py:119] - Query returned 4 results
2025-09-10 14:56:09,352 - db.database - INFO - [database.py:203] - Retrieved 4 snippets from database
2025-09-10 14:56:09,352 - db.database - DEBUG - [database.py:205] - First snippet in list: {'id': 4, 'name': 'Vault', 'description': 'El perfil para vault que hay que usar al logarse', 'command_text': 'sre-operator', 'tags': 'vault', 'last_used': '2025-09-10T14:56:09.350758', 'created_at': '2025-09-10T14:56:09.350763'}
