2025-09-03 10:23:08,025 - __main__ - INFO - [main.py:25] - Starting Command Snippet Manager application
2025-09-03 10:23:08,220 - __main__ - DEBUG - [main.py:30] - Application name set to: Command Snippet Manager
2025-09-03 10:23:08,224 - __main__ - DEBUG - [main.py:34] - Application style set to Fusion
2025-09-03 10:23:08,224 - __main__ - INFO - [main.py:38] - Initializing database at: /Users/colin.moreno-burgess/github/Colin/CmdSnips/my_snippet_app/data/snippets.db
2025-09-03 10:23:08,224 - db.database - DEBUG - [database.py:37] - Attempting to connect to database at: /Users/colin.moreno-burgess/github/Colin/CmdSnips/my_snippet_app/data/snippets.db
2025-09-03 10:23:08,226 - db.database - INFO - [database.py:42] - Successfully connected to database
2025-09-03 10:23:08,227 - db.database - DEBUG - [database.py:56] - Initializing database schema
2025-09-03 10:23:08,227 - db.database - INFO - [database.py:71] - Creating snippets table if not exists
2025-09-03 10:23:08,227 - db.database - DEBUG - [database.py:110] - Executing query: CREATE TABLE IF NOT EXISTS snippets (
            id INTEGER PRIMARY KEY AUTOINCREMENT,
            name TEXT NOT NULL,
            description TEXT,
            command_text TEXT NOT NULL,
            tags TEXT,
            last_used DATETIME DEFAULT CURRENT_TIMESTAMP,
            created_at DATETIME DEFAULT CURRENT_TIMESTAMP
        )
2025-09-03 10:23:08,228 - db.database - DEBUG - [database.py:123] - Query affected row with ID: 0
2025-09-03 10:23:08,228 - db.database - INFO - [database.py:76] - Checking and applying any pending migrations
2025-09-03 10:23:08,228 - db.migrations - INFO - [migrations.py:128] - Current database version: 1
2025-09-03 10:23:08,228 - db.database - INFO - [database.py:80] - Database schema initialization completed successfully
2025-09-03 10:23:08,228 - __main__ - INFO - [main.py:43] - Database initialization completed
2025-09-03 10:23:08,228 - __main__ - DEBUG - [main.py:46] - Initializing snippet manager
2025-09-03 10:23:08,228 - __main__ - DEBUG - [main.py:50] - Creating main window
2025-09-03 10:23:08,388 - db.database - DEBUG - [database.py:177] - Retrieving all snippets from database at: /Users/colin.moreno-burgess/github/Colin/CmdSnips/my_snippet_app/data/snippets.db
2025-09-03 10:23:08,388 - db.database - DEBUG - [database.py:110] - Executing query: SELECT id, name, description, command_text, tags, last_used, created_at
        FROM snippets
        ORDER BY last_used DESC
2025-09-03 10:23:08,388 - db.database - DEBUG - [database.py:119] - Query returned 3 results
2025-09-03 10:23:08,389 - db.database - INFO - [database.py:203] - Retrieved 3 snippets from database
2025-09-03 10:23:08,389 - db.database - DEBUG - [database.py:205] - First snippet in list: {'id': 3, 'name': 'Fistro Delete dev', 'description': 'Delete a customer from Fistro', 'command_text': 'curl -X DELETE -H "Accept: application/json" -H "Content-Type: application/json" -H "Authorization: Bearer $FSTRTKN_DEV" https://api.dev.nexthink.cloud/api/v1/customers/$CUSTOMER', 'tags': 'Fistro', 'last_used': '2025-08-29T09:46:50.596713', 'created_at': '2025-08-29T09:46:50.596722'}
2025-09-03 10:23:08,611 - __main__ - INFO - [main.py:53] - Application window displayed
2025-09-03 10:23:08,612 - __main__ - DEBUG - [main.py:56] - Starting Qt event loop
2025-09-03 10:26:39,077 - __main__ - INFO - [main.py:58] - Application event loop ended with code: 0
2025-09-03 10:26:39,078 - __main__ - DEBUG - [main.py:61] - Cleaning up resources
2025-09-03 10:26:39,078 - __main__ - INFO - [main.py:63] - Application shutdown complete
2025-09-03 10:31:27,480 - __main__ - INFO - [main.py:25] - Starting Command Snippet Manager application
2025-09-03 10:31:27,633 - __main__ - DEBUG - [main.py:30] - Application name set to: Command Snippet Manager
2025-09-03 10:31:27,637 - __main__ - DEBUG - [main.py:34] - Application style set to Fusion
2025-09-03 10:31:27,637 - __main__ - INFO - [main.py:38] - Initializing database at: /Users/colin.moreno-burgess/github/Colin/CmdSnips/my_snippet_app/data/snippets.db
2025-09-03 10:31:27,637 - db.database - DEBUG - [database.py:37] - Attempting to connect to database at: /Users/colin.moreno-burgess/github/Colin/CmdSnips/my_snippet_app/data/snippets.db
2025-09-03 10:31:27,637 - db.database - INFO - [database.py:42] - Successfully connected to database
2025-09-03 10:31:27,637 - db.database - DEBUG - [database.py:56] - Initializing database schema
2025-09-03 10:31:27,637 - db.database - INFO - [database.py:71] - Creating snippets table if not exists
2025-09-03 10:31:27,637 - db.database - DEBUG - [database.py:110] - Executing query: CREATE TABLE IF NOT EXISTS snippets (
            id INTEGER PRIMARY KEY AUTOINCREMENT,
            name TEXT NOT NULL,
            description TEXT,
            command_text TEXT NOT NULL,
            tags TEXT,
            last_used DATETIME DEFAULT CURRENT_TIMESTAMP,
            created_at DATETIME DEFAULT CURRENT_TIMESTAMP
        )
2025-09-03 10:31:27,638 - db.database - DEBUG - [database.py:123] - Query affected row with ID: 0
2025-09-03 10:31:27,638 - db.database - INFO - [database.py:76] - Checking and applying any pending migrations
2025-09-03 10:31:27,638 - db.migrations - INFO - [migrations.py:128] - Current database version: 1
2025-09-03 10:31:27,638 - db.database - INFO - [database.py:80] - Database schema initialization completed successfully
2025-09-03 10:31:27,638 - __main__ - INFO - [main.py:43] - Database initialization completed
2025-09-03 10:31:27,638 - __main__ - DEBUG - [main.py:46] - Initializing snippet manager
2025-09-03 10:31:27,638 - __main__ - DEBUG - [main.py:50] - Creating main window
2025-09-03 10:31:27,768 - db.database - DEBUG - [database.py:177] - Retrieving all snippets from database at: /Users/colin.moreno-burgess/github/Colin/CmdSnips/my_snippet_app/data/snippets.db
2025-09-03 10:31:27,769 - db.database - DEBUG - [database.py:110] - Executing query: SELECT id, name, description, command_text, tags, last_used, created_at
        FROM snippets
        ORDER BY last_used DESC
2025-09-03 10:31:27,769 - db.database - DEBUG - [database.py:119] - Query returned 3 results
2025-09-03 10:31:27,769 - db.database - INFO - [database.py:203] - Retrieved 3 snippets from database
2025-09-03 10:31:27,769 - db.database - DEBUG - [database.py:205] - First snippet in list: {'id': 3, 'name': 'Fistro Delete dev', 'description': 'Delete a customer from Fistro', 'command_text': 'curl -X DELETE -H "Accept: application/json" -H "Content-Type: application/json" -H "Authorization: Bearer $FSTRTKN_DEV" https://api.dev.nexthink.cloud/api/v1/customers/$CUSTOMER', 'tags': 'Fistro', 'last_used': '2025-08-29T09:46:50.596713', 'created_at': '2025-08-29T09:46:50.596722'}
2025-09-03 10:31:27,984 - __main__ - INFO - [main.py:53] - Application window displayed
2025-09-03 10:31:27,984 - __main__ - DEBUG - [main.py:56] - Starting Qt event loop
2025-09-03 10:41:59,379 - __main__ - INFO - [main.py:58] - Application event loop ended with code: 0
2025-09-03 10:41:59,380 - __main__ - DEBUG - [main.py:61] - Cleaning up resources
2025-09-03 10:41:59,381 - __main__ - INFO - [main.py:63] - Application shutdown complete
2025-09-03 10:45:21,797 - __main__ - INFO - [main.py:25] - Starting Command Snippet Manager application
2025-09-03 10:45:21,922 - __main__ - DEBUG - [main.py:30] - Application name set to: Command Snippet Manager
2025-09-03 10:45:21,927 - __main__ - DEBUG - [main.py:34] - Application style set to Fusion
2025-09-03 10:45:21,927 - __main__ - INFO - [main.py:38] - Initializing database at: /Users/colin.moreno-burgess/github/Colin/CmdSnips/my_snippet_app/data/snippets.db
2025-09-03 10:45:21,927 - db.database - DEBUG - [database.py:37] - Attempting to connect to database at: /Users/colin.moreno-burgess/github/Colin/CmdSnips/my_snippet_app/data/snippets.db
2025-09-03 10:45:21,928 - db.database - INFO - [database.py:42] - Successfully connected to database
2025-09-03 10:45:21,928 - db.database - DEBUG - [database.py:56] - Initializing database schema
2025-09-03 10:45:21,928 - db.database - INFO - [database.py:71] - Creating snippets table if not exists
2025-09-03 10:45:21,928 - db.database - DEBUG - [database.py:110] - Executing query: CREATE TABLE IF NOT EXISTS snippets (
            id INTEGER PRIMARY KEY AUTOINCREMENT,
            name TEXT NOT NULL,
            description TEXT,
            command_text TEXT NOT NULL,
            tags TEXT,
            last_used DATETIME DEFAULT CURRENT_TIMESTAMP,
            created_at DATETIME DEFAULT CURRENT_TIMESTAMP
        )
2025-09-03 10:45:21,929 - db.database - DEBUG - [database.py:123] - Query affected row with ID: 0
2025-09-03 10:45:21,929 - db.database - INFO - [database.py:76] - Checking and applying any pending migrations
2025-09-03 10:45:21,929 - db.migrations - INFO - [migrations.py:128] - Current database version: 1
2025-09-03 10:45:21,929 - db.database - INFO - [database.py:80] - Database schema initialization completed successfully
2025-09-03 10:45:21,929 - __main__ - INFO - [main.py:43] - Database initialization completed
2025-09-03 10:45:21,929 - __main__ - DEBUG - [main.py:46] - Initializing snippet manager
2025-09-03 10:45:21,929 - __main__ - DEBUG - [main.py:50] - Creating main window
2025-09-03 10:45:22,077 - db.database - DEBUG - [database.py:177] - Retrieving all snippets from database at: /Users/colin.moreno-burgess/github/Colin/CmdSnips/my_snippet_app/data/snippets.db
2025-09-03 10:45:22,078 - db.database - DEBUG - [database.py:110] - Executing query: SELECT id, name, description, command_text, tags, last_used, created_at
        FROM snippets
        ORDER BY last_used DESC
2025-09-03 10:45:22,078 - db.database - DEBUG - [database.py:119] - Query returned 3 results
2025-09-03 10:45:22,078 - db.database - INFO - [database.py:203] - Retrieved 3 snippets from database
2025-09-03 10:45:22,078 - db.database - DEBUG - [database.py:205] - First snippet in list: {'id': 3, 'name': 'Fistro Delete dev', 'description': 'Delete a customer from Fistro', 'command_text': 'curl -X DELETE -H "Accept: application/json" -H "Content-Type: application/json" -H "Authorization: Bearer $FSTRTKN_DEV" https://api.dev.nexthink.cloud/api/v1/customers/$CUSTOMER', 'tags': 'Fistro', 'last_used': '2025-08-29T09:46:50.596713', 'created_at': '2025-08-29T09:46:50.596722'}
2025-09-03 10:45:22,294 - __main__ - INFO - [main.py:53] - Application window displayed
2025-09-03 10:45:22,294 - __main__ - DEBUG - [main.py:56] - Starting Qt event loop
2025-09-03 17:53:34,640 - __main__ - INFO - [main.py:58] - Application event loop ended with code: 0
2025-09-03 17:53:34,644 - __main__ - DEBUG - [main.py:61] - Cleaning up resources
2025-09-03 17:53:34,647 - __main__ - INFO - [main.py:63] - Application shutdown complete
